<?xml version="1.0" encoding="UTF-8"?>
<testsuites name="WP" time="25.181" tests="1" failures="0" errors="0">
   <testsuite name="WP" tests="1" failures="0" errors="0" time="25.181" skipped="0" timestamp="2023-01-18 17:18:14" hostname="iXen - DESKTOP-EOR7BS4" id="Test Suites/WP">
      <properties>
         <property name="deviceName" value=""/>
         <property name="devicePlatform" value=""/>
         <property name="logFolder" value="C:\\Users\\iXen\\Katalon Studio\\Sample - Web API Tests\\Reports\\20230118_171804\\WP\\20230118_171804"/>
         <property name="logFiles" value="C:\\Users\\iXen\\Katalon Studio\\Sample - Web API Tests\\Reports\\20230118_171804\\WP\\20230118_171804\\execution0.log"/>
         <property name="attachments" value=""/>
         <property name="hostName" value="iXen - DESKTOP-EOR7BS4"/>
         <property name="os" value="Windows 10 64bit"/>
         <property name="katalonVersion" value="8.5.5.208"/>
         <property name="browser" value="Chrome 109.0.0.0"/>
         <property name="hostAddress" value="192.168.56.1"/>
         <property name="sessionId" value="1db8c8bd7e53d9efbef10360edd8300a"/>
         <property name="seleniumVersion" value="3.141.59"/>
         <property name="proxyInformation" value="ProxyInformation { proxyOption=NO_PROXY, proxyServerType=HTTP, username=, password=********, proxyServerAddress=, proxyServerPort=0, executionList=&quot;&quot;, isApplyToDesiredCapabilities=true }"/>
         <property name="platform" value="Windows 10"/>
      </properties>
      <testcase name="Test Cases/Login/logint_wp" time="24.468" classname="Test Cases/Login/logint_wp" status="PASSED">
         <system-out><![CDATA[2023-01-18 17:18:15 - [TEST_CASE][PASSED] - Test Cases/Login/logint_wp: Test Cases/Login/logint_wp

2023-01-18 17:18:15 - [TEST_STEP][PASSED] - openBrowser(rawUri = link): Browser is opened with url: 'https://www.wp.pl/'

2023-01-18 17:18:16 - [MESSAGE][INFO] - Starting 'Chrome' driver

2023-01-18 17:18:16 - [MESSAGE][INFO] - Action delay is set to 0 milliseconds

2023-01-18 17:18:20 - [MESSAGE][PASSED] - Browser is opened with url: 'https://www.wp.pl/'

2023-01-18 17:18:20 - [TEST_STEP][PASSED] - click(findTestObject("Register/click_cookies")): Object: 'Object Repository/Register/click_cookies' is clicked on

2023-01-18 17:18:21 - [MESSAGE][PASSED] - Object: 'Object Repository/Register/click_cookies' is clicked on

2023-01-18 17:18:21 - [TEST_STEP][PASSED] - click(findTestObject("click_wp")): Object: 'Object Repository/click_wp' is clicked on

2023-01-18 17:18:29 - [MESSAGE][PASSED] - Object: 'Object Repository/click_wp' is clicked on

2023-01-18 17:18:29 - [TEST_STEP][PASSED] - click(findTestObject("click_register")): Object: 'Object Repository/click_register' is clicked on

2023-01-18 17:18:31 - [MESSAGE][PASSED] - Object: 'Object Repository/click_register' is clicked on

2023-01-18 17:18:31 - [TEST_STEP][PASSED] - setText(findTestObject("Register/name"), name): Text 'Stefan' is set on object 'Object Repository/Register/name'

2023-01-18 17:18:32 - [MESSAGE][PASSED] - Text 'Stefan' is set on object 'Object Repository/Register/name'

2023-01-18 17:18:32 - [TEST_STEP][PASSED] - setText(findTestObject("Register/surname"), surname): Text 'Stefanowski' is set on object 'Object Repository/Register/surname'

2023-01-18 17:18:33 - [MESSAGE][PASSED] - Text 'Stefanowski' is set on object 'Object Repository/Register/surname'

2023-01-18 17:18:33 - [TEST_STEP][PASSED] - setText(findTestObject("Register/email"), email): Text 'stefan' is set on object 'Object Repository/Register/email'

2023-01-18 17:18:34 - [MESSAGE][PASSED] - Text 'stefan' is set on object 'Object Repository/Register/email'

2023-01-18 17:18:34 - [TEST_STEP][PASSED] - click(findTestObject("Register/click_gender")): Object: 'Object Repository/Register/click_gender' is clicked on

2023-01-18 17:18:34 - [MESSAGE][PASSED] - Object: 'Object Repository/Register/click_gender' is clicked on

2023-01-18 17:18:34 - [TEST_STEP][PASSED] - selectOptionByLabel(findTestObject("Register/click_gender"), gender, false): All options with label 'Mężczyzna' are selected in object 'Object Repository/Register/click_gender' 

2023-01-18 17:18:36 - [MESSAGE][PASSED] - All options with label 'Mężczyzna' are selected in object 'Object Repository/Register/click_gender' 

2023-01-18 17:18:36 - [TEST_STEP][PASSED] - setText(findTestObject("Register/day"), day): Text '1' is set on object 'Object Repository/Register/day'

2023-01-18 17:18:37 - [MESSAGE][PASSED] - Text '1' is set on object 'Object Repository/Register/day'

2023-01-18 17:18:37 - [TEST_STEP][PASSED] - selectOptionByLabel(findTestObject("Register/month"), month, false): All options with label 'styczeń' are selected in object 'Object Repository/Register/month' 

2023-01-18 17:18:38 - [MESSAGE][PASSED] - All options with label 'styczeń' are selected in object 'Object Repository/Register/month' 

2023-01-18 17:18:38 - [TEST_STEP][PASSED] - setText(findTestObject("Register/year"), year): Text '1999' is set on object 'Object Repository/Register/year'

2023-01-18 17:18:38 - [MESSAGE][PASSED] - Text '1999' is set on object 'Object Repository/Register/year'

2023-01-18 17:18:38 - [TEST_STEP][PASSED] - wrong = getText(findTestObject("Object Repository/Register/error")): Text of object 'Object Repository/Register/error' is: 'Podany login jest już zajęty'

2023-01-18 17:18:39 - [MESSAGE][PASSED] - Text of object 'Object Repository/Register/error' is: 'Podany login jest już zajęty'

2023-01-18 17:18:39 - [TEST_STEP][PASSED] - assert not_correct == wrong: null]]></system-out>
         <system-err><![CDATA[]]></system-err>
      </testcase>
      <system-out><![CDATA[2023-01-18 17:18:14 - [TEST_SUITE][PASSED] - WP: Test Cases/Login/logint_wp]]></system-out>
      <system-err><![CDATA[]]></system-err>
   </testsuite>
</testsuites>
